concurrent.futures.process._RemoteTraceback: 
"""
Traceback (most recent call last):
  File "/home/yamauch_t/miniconda3/lib/python3.9/concurrent/futures/process.py", line 243, in _process_worker
    r = call_item.fn(*call_item.args, **call_item.kwargs)
  File "/home/yamauch_t/Monato_GlobalVoices_ElPopolaCxinio_Scivolemo_UeaFacila_完成_20251109/Libera Folio/parallel_scraper.py", line 145, in worker_task
  File "/home/yamauch_t/Monato_GlobalVoices_ElPopolaCxinio_Scivolemo_UeaFacila_完成_20251109/retradio_lib.py", line 710, in collect_urls
  File "/home/yamauch_t/Monato_GlobalVoices_ElPopolaCxinio_Scivolemo_UeaFacila_完成_20251109/retradio_lib.py", line 542, in collect_from_archives
  File "/home/yamauch_t/Monato_GlobalVoices_ElPopolaCxinio_Scivolemo_UeaFacila_完成_20251109/retradio_lib.py", line 191, in _get
  File "/home/yamauch_t/Monato_GlobalVoices_ElPopolaCxinio_Scivolemo_UeaFacila_完成_20251109/retradio_lib.py", line 182, in _get
  File "/home/yamauch_t/Monato_GlobalVoices_ElPopolaCxinio_Scivolemo_UeaFacila_完成_20251109/.venv/lib/python3.9/site-packages/requests/sessions.py", line 602, in get
  File "/home/yamauch_t/Monato_GlobalVoices_ElPopolaCxinio_Scivolemo_UeaFacila_完成_20251109/.venv/lib/python3.9/site-packages/requests/sessions.py", line 589, in request
  File "/home/yamauch_t/Monato_GlobalVoices_ElPopolaCxinio_Scivolemo_UeaFacila_完成_20251109/.venv/lib/python3.9/site-packages/requests/sessions.py", line 703, in send
  File "/home/yamauch_t/Monato_GlobalVoices_ElPopolaCxinio_Scivolemo_UeaFacila_完成_20251109/.venv/lib/python3.9/site-packages/requests/adapters.py", line 616, in send
  File "/home/yamauch_t/Monato_GlobalVoices_ElPopolaCxinio_Scivolemo_UeaFacila_完成_20251109/.venv/lib/python3.9/site-packages/requests/adapters.py", line 303, in cert_verify
OSError: Could not find a suitable TLS CA certificate bundle, invalid path: /home/yamauch_t/Monato_GlobalVoices_ElPopolaCxinio_Scivolemo_UeaFacila_完成_20251109/.venv/lib/python3.9/site-packages/certifi/cacert.pem
"""

The above exception was the direct cause of the following exception:

Traceback (most recent call last):
  File "/home/yamauch_t/Monato_GlobalVoices_ElPopolaCxinio_Scivolemo_UeaFacila_完成_20251109/Libera Folio/parallel_scraper.py", line 322, in <module>
  File "/home/yamauch_t/Monato_GlobalVoices_ElPopolaCxinio_Scivolemo_UeaFacila_完成_20251109/Libera Folio/parallel_scraper.py", line 252, in main
  File "/home/yamauch_t/miniconda3/lib/python3.9/concurrent/futures/_base.py", line 439, in result
    return self.__get_result()
  File "/home/yamauch_t/miniconda3/lib/python3.9/concurrent/futures/_base.py", line 391, in __get_result
    raise self._exception
OSError: Could not find a suitable TLS CA certificate bundle, invalid path: /home/yamauch_t/Monato_GlobalVoices_ElPopolaCxinio_Scivolemo_UeaFacila_完成_20251109/.venv/lib/python3.9/site-packages/certifi/cacert.pem
